<?xml version="1.0" encoding="UTF-8"?>
<robot generator="Robot 4.1.3 (Python 3.9.10 on darwin)" generated="20220405 08:36:56.993" rpa="false" schemaversion="2">
<suite id="s1" name="Register" source="/Users/neptune/PycharmProjects/signantHealth/register.robot">
<test id="s1-t1" name="Register on web portal">
<kw name="Navigate to Login page" library="demo_keywords">
<kw name="Open Browser" library="SeleniumLibrary">
<arg>${URL}</arg>
<arg>${BROWSER}</arg>
<doc>Opens a new browser instance to the optional ``url``.</doc>
<msg timestamp="20220405 08:36:58.057" level="INFO">Opening browser 'chrome' to base url 'http://192.168.1.121:8080/'.</msg>
<status status="PASS" starttime="20220405 08:36:58.056" endtime="20220405 08:37:01.265"/>
</kw>
<status status="PASS" starttime="20220405 08:36:58.056" endtime="20220405 08:37:01.267"/>
</kw>
<kw name="Wait for homepage to load and click on Register" library="demo_keywords">
<kw name="Wait Until Element Is Enabled" library="SeleniumLibrary">
<arg>${HOMEPAGE_REGISTER_BUTTON}</arg>
<arg>10s</arg>
<doc>Waits until the element ``locator`` is enabled.</doc>
<status status="PASS" starttime="20220405 08:37:01.270" endtime="20220405 08:37:01.341"/>
</kw>
<kw name="Click Element" library="SeleniumLibrary">
<arg>${HOMEPAGE_REGISTER_BUTTON}</arg>
<doc>Click the element identified by ``locator``.</doc>
<msg timestamp="20220405 08:37:01.342" level="INFO">Clicking element 'xpath:/html/body/nav/ul/li[1]/a'.</msg>
<status status="PASS" starttime="20220405 08:37:01.342" endtime="20220405 08:37:01.445"/>
</kw>
<status status="PASS" starttime="20220405 08:37:01.267" endtime="20220405 08:37:01.445"/>
</kw>
<kw name="Enter a desired username" library="demo_keywords">
<kw name="Email" library="FakerLibrary">
<var>${email}</var>
<msg timestamp="20220405 08:37:01.447" level="INFO">${email} = sanchezdawn@example.com</msg>
<status status="PASS" starttime="20220405 08:37:01.446" endtime="20220405 08:37:01.447"/>
</kw>
<kw name="Log" library="BuiltIn">
<arg>${email}</arg>
<doc>Logs the given message with the given level.</doc>
<msg timestamp="20220405 08:37:01.448" level="INFO">sanchezdawn@example.com</msg>
<status status="PASS" starttime="20220405 08:37:01.448" endtime="20220405 08:37:01.449"/>
</kw>
<kw name="Set Test Variable" library="BuiltIn">
<arg>${email}</arg>
<doc>Makes a variable available everywhere within the scope of the current test.</doc>
<msg timestamp="20220405 08:37:01.449" level="INFO">${email} = sanchezdawn@example.com</msg>
<status status="PASS" starttime="20220405 08:37:01.449" endtime="20220405 08:37:01.449"/>
</kw>
<kw name="Wait Until Element Is Enabled" library="SeleniumLibrary">
<arg>${USERNAME_FIELD}</arg>
<arg>10s</arg>
<doc>Waits until the element ``locator`` is enabled.</doc>
<status status="PASS" starttime="20220405 08:37:01.449" endtime="20220405 08:37:01.504"/>
</kw>
<kw name="Input Text" library="SeleniumLibrary">
<arg>${USERNAME_FIELD}</arg>
<arg>${email}</arg>
<doc>Types the given ``text`` into the text field identified by ``locator``.</doc>
<msg timestamp="20220405 08:37:01.506" level="INFO">Typing text 'sanchezdawn@example.com' into text field 'id:username'.</msg>
<status status="PASS" starttime="20220405 08:37:01.505" endtime="20220405 08:37:01.676"/>
</kw>
<status status="PASS" starttime="20220405 08:37:01.445" endtime="20220405 08:37:01.677"/>
</kw>
<kw name="Enter New User Password" library="demo_keywords">
<kw name="Input Password" library="SeleniumLibrary">
<arg>${PASSWORD_FIELD}</arg>
<arg>Technicaltest</arg>
<doc>Types the given password into the text field identified by ``locator``.</doc>
<msg timestamp="20220405 08:37:01.678" level="INFO">Typing password into text field 'id:password'.</msg>
<msg timestamp="20220405 08:37:01.725" level="INFO">Temporally setting log level to: NONE</msg>
<msg timestamp="20220405 08:37:01.793" level="INFO">Log level changed from NONE to INFO.</msg>
<status status="PASS" starttime="20220405 08:37:01.678" endtime="20220405 08:37:01.793"/>
</kw>
<status status="PASS" starttime="20220405 08:37:01.677" endtime="20220405 08:37:01.793"/>
</kw>
<kw name="Enter First Name" library="demo_keywords">
<kw name="First Name Female" library="FakerLibrary">
<var>${FirstName}</var>
<msg timestamp="20220405 08:37:01.795" level="INFO">${FirstName} = Melissa</msg>
<status status="PASS" starttime="20220405 08:37:01.794" endtime="20220405 08:37:01.795"/>
</kw>
<kw name="Log" library="BuiltIn">
<arg>${FirstName}</arg>
<doc>Logs the given message with the given level.</doc>
<msg timestamp="20220405 08:37:01.795" level="INFO">Melissa</msg>
<status status="PASS" starttime="20220405 08:37:01.795" endtime="20220405 08:37:01.795"/>
</kw>
<kw name="Set Test Variable" library="BuiltIn">
<arg>${FirstName}</arg>
<doc>Makes a variable available everywhere within the scope of the current test.</doc>
<msg timestamp="20220405 08:37:01.796" level="INFO">${FirstName} = Melissa</msg>
<status status="PASS" starttime="20220405 08:37:01.796" endtime="20220405 08:37:01.796"/>
</kw>
<kw name="Input Text" library="SeleniumLibrary">
<arg>${FIRSTNAME_FIELD}</arg>
<arg>${First_name}</arg>
<doc>Types the given ``text`` into the text field identified by ``locator``.</doc>
<msg timestamp="20220405 08:37:01.796" level="INFO">Typing text 'Melissa' into text field 'id:firstname'.</msg>
<status status="PASS" starttime="20220405 08:37:01.796" endtime="20220405 08:37:01.892"/>
</kw>
<status status="PASS" starttime="20220405 08:37:01.794" endtime="20220405 08:37:01.893"/>
</kw>
<kw name="Enter Family Name" library="demo_keywords">
<kw name="Last Name" library="FakerLibrary">
<var>${LastName}</var>
<msg timestamp="20220405 08:37:01.894" level="INFO">${LastName} = Thompson</msg>
<status status="PASS" starttime="20220405 08:37:01.893" endtime="20220405 08:37:01.894"/>
</kw>
<kw name="Log" library="BuiltIn">
<arg>${LastName}</arg>
<doc>Logs the given message with the given level.</doc>
<msg timestamp="20220405 08:37:01.894" level="INFO">Thompson</msg>
<status status="PASS" starttime="20220405 08:37:01.894" endtime="20220405 08:37:01.894"/>
</kw>
<kw name="Set Test Variable" library="BuiltIn">
<arg>${LastName}</arg>
<doc>Makes a variable available everywhere within the scope of the current test.</doc>
<msg timestamp="20220405 08:37:01.895" level="INFO">${LastName} = Thompson</msg>
<status status="PASS" starttime="20220405 08:37:01.895" endtime="20220405 08:37:01.895"/>
</kw>
<kw name="Input Text" library="SeleniumLibrary">
<arg>${FAMILYNAME_FIELD}</arg>
<arg>${Last_name}</arg>
<doc>Types the given ``text`` into the text field identified by ``locator``.</doc>
<msg timestamp="20220405 08:37:01.896" level="INFO">Typing text 'Thompson' into text field 'id:lastname'.</msg>
<status status="PASS" starttime="20220405 08:37:01.895" endtime="20220405 08:37:01.991"/>
</kw>
<status status="PASS" starttime="20220405 08:37:01.893" endtime="20220405 08:37:01.991"/>
</kw>
<kw name="Enter Phone number" library="demo_keywords">
<kw name="Input Text" library="SeleniumLibrary">
<arg>${PHONENUMBER_FIELD}</arg>
<arg>123456789</arg>
<doc>Types the given ``text`` into the text field identified by ``locator``.</doc>
<msg timestamp="20220405 08:37:01.993" level="INFO">Typing text '123456789' into text field 'id:phone'.</msg>
<status status="PASS" starttime="20220405 08:37:01.992" endtime="20220405 08:37:02.080"/>
</kw>
<status status="PASS" starttime="20220405 08:37:01.992" endtime="20220405 08:37:02.081"/>
</kw>
<kw name="Click on Register" library="demo_keywords">
<kw name="Click Element" library="SeleniumLibrary">
<arg>${REGISTER}</arg>
<doc>Click the element identified by ``locator``.</doc>
<msg timestamp="20220405 08:37:02.082" level="INFO">Clicking element 'xpath:/html/body/section/form/input[6]'.</msg>
<status status="PASS" starttime="20220405 08:37:02.082" endtime="20220405 08:37:02.362"/>
</kw>
<status status="PASS" starttime="20220405 08:37:02.081" endtime="20220405 08:37:02.362"/>
</kw>
<kw name="Assert registeration success" library="demo_keywords">
<kw name="Wait Until Element Is Visible" library="SeleniumLibrary">
<arg>${SECTION_HEADER_LOGIN}</arg>
<arg>10s</arg>
<doc>Waits until the element ``locator`` is visible.</doc>
<status status="PASS" starttime="20220405 08:37:02.363" endtime="20220405 08:37:02.406"/>
</kw>
<status status="PASS" starttime="20220405 08:37:02.363" endtime="20220405 08:37:02.407"/>
</kw>
<tag>Test1</tag>
<status status="PASS" starttime="20220405 08:36:58.055" endtime="20220405 08:37:02.407"/>
</test>
<kw name="Close All Browsers" library="SeleniumLibrary" type="TEARDOWN">
<doc>Closes all open browsers and resets the browser cache.</doc>
<status status="PASS" starttime="20220405 08:37:02.408" endtime="20220405 08:37:02.516"/>
</kw>
<doc>UI User can register through web portal</doc>
<status status="PASS" starttime="20220405 08:36:56.997" endtime="20220405 08:37:02.516"/>
</suite>
<statistics>
<total>
<stat pass="1" fail="0" skip="0">All Tests</stat>
</total>
<tag>
<stat pass="1" fail="0" skip="0">Test1</stat>
</tag>
<suite>
<stat pass="1" fail="0" skip="0" id="s1" name="Register">Register</stat>
</suite>
</statistics>
<errors>
</errors>
</robot>
